[    0.000000] Initializing cgroup subsys cpuset
[    0.000000] Initializing cgroup subsys cpu
[    0.000000] Initializing cgroup subsys cpuacct
[    0.000000] Linux version 4.4.0-197-generic (buildd@lcy01-amd64-026) (gcc version 5.4.0 20160609 (Ubuntu 5.4.0-6ubuntu1~16.04.12) ) #229-Ubuntu SMP Wed Nov 25 11:05:42 UTC 2020 (Ubuntu 4.4.0-197.229-generic 4.4.241)
[    0.000000] Command line: BOOT_IMAGE=/boot/vmlinuz-4.4.0-197-generic root=LABEL=cloudimg-rootfs ro console=tty1 console=ttyS0
[    0.000000] KERNEL supported cpus:
[    0.000000]   Intel GenuineIntel
[    0.000000]   AMD AuthenticAMD
[    0.000000]   Centaur CentaurHauls
[    0.000000] x86/fpu: xstate_offset[2]:  576, xstate_sizes[2]:  256
[    0.000000] x86/fpu: Supporting XSAVE feature 0x01: 'x87 floating point registers'
[    0.000000] x86/fpu: Supporting XSAVE feature 0x02: 'SSE registers'
[    0.000000] x86/fpu: Supporting XSAVE feature 0x04: 'AVX registers'
[    0.000000] x86/fpu: Enabled xstate features 0x7, context size is 832 bytes, using 'standard' format.
[    0.000000] e820: BIOS-provided physical RAM map:
[    0.000000] BIOS-e820: [mem 0x0000000000000000-0x000000000009fbff] usable
[    0.000000] BIOS-e820: [mem 0x000000000009fc00-0x000000000009ffff] reserved
[    0.000000] BIOS-e820: [mem 0x00000000000f0000-0x00000000000fffff] reserved
[    0.000000] BIOS-e820: [mem 0x0000000000100000-0x000000003ffeffff] usable
[    0.000000] BIOS-e820: [mem 0x000000003fff0000-0x000000003fffffff] ACPI data
[    0.000000] BIOS-e820: [mem 0x00000000fec00000-0x00000000fec00fff] reserved
[    0.000000] BIOS-e820: [mem 0x00000000fee00000-0x00000000fee00fff] reserved
[    0.000000] BIOS-e820: [mem 0x00000000fffc0000-0x00000000ffffffff] reserved
[    0.000000] NX (Execute Disable) protection: active
[    0.000000] SMBIOS 2.5 present.
[    0.000000] Hypervisor detected: KVM
[    0.000000] e820: last_pfn = 0x3fff0 max_arch_pfn = 0x400000000
[    0.000000] MTRR: Disabled
[    0.000000] x86/PAT: MTRRs disabled, skipping PAT initialization too.
[    0.000000] CPU MTRRs all blank - virtualized system.
[    0.000000] x86/PAT: Configuration [0-7]: WB  WT  UC- UC  WB  WT  UC- UC  
[    0.000000] found SMP MP-table at [mem 0x0009fff0-0x0009ffff] mapped at [ffff88000009fff0]
[    0.000000] Scanning 1 areas for low memory corruption
[    0.000000] RAMDISK: [mem 0x362de000-0x37166fff]
[    0.000000] ACPI: Early table checksum verification disabled
[    0.000000] ACPI: RSDP 0x00000000000E0000 000024 (v02 VBOX  )
[    0.000000] ACPI: XSDT 0x000000003FFF0030 00003C (v01 VBOX   VBOXXSDT 00000001 ASL  00000061)
[    0.000000] ACPI: FACP 0x000000003FFF00F0 0000F4 (v04 VBOX   VBOXFACP 00000001 ASL  00000061)
[    0.000000] ACPI: DSDT 0x000000003FFF0470 002325 (v02 VBOX   VBOXBIOS 00000002 INTL 20120111)
[    0.000000] ACPI: FACS 0x000000003FFF0200 000040
[    0.000000] ACPI: FACS 0x000000003FFF0200 000040
[    0.000000] ACPI: APIC 0x000000003FFF0240 00005C (v02 VBOX   VBOXAPIC 00000001 ASL  00000061)
[    0.000000] ACPI: SSDT 0x000000003FFF02A0 0001CC (v01 VBOX   VBOXCPUT 00000002 INTL 20120111)
[    0.000000] No NUMA configuration found
[    0.000000] Faking a node at [mem 0x0000000000000000-0x000000003ffeffff]
[    0.000000] NODE_DATA(0) allocated [mem 0x3ffeb000-0x3ffeffff]
[    0.000000] kvm-clock: Using msrs 4b564d01 and 4b564d00
[    0.000000] kvm-clock: cpu 0, msr 0:3ffe3001, primary cpu clock
[    0.000000] kvm-clock: using sched offset of 3656032393 cycles
[    0.000000] clocksource: kvm-clock: mask: 0xffffffffffffffff max_cycles: 0x1cd42e4dffb, max_idle_ns: 881590591483 ns
[    0.000000] Zone ranges:
[    0.000000]   DMA      [mem 0x0000000000001000-0x0000000000ffffff]
[    0.000000]   DMA32    [mem 0x0000000001000000-0x000000003ffeffff]
[    0.000000]   Normal   empty
[    0.000000]   Device   empty
[    0.000000] Movable zone start for each node
[    0.000000] Early memory node ranges
[    0.000000]   node   0: [mem 0x0000000000001000-0x000000000009efff]
[    0.000000]   node   0: [mem 0x0000000000100000-0x000000003ffeffff]
[    0.000000] Initmem setup node 0 [mem 0x0000000000001000-0x000000003ffeffff]
[    0.000000] ACPI: PM-Timer IO Port: 0x4008
[    0.000000] IOAPIC[0]: apic_id 2, version 32, address 0xfec00000, GSI 0-23
[    0.000000] ACPI: INT_SRC_OVR (bus 0 bus_irq 0 global_irq 2 dfl dfl)
[    0.000000] ACPI: INT_SRC_OVR (bus 0 bus_irq 9 global_irq 9 low level)
[    0.000000] Using ACPI (MADT) for SMP configuration information
[    0.000000] smpboot: Allowing 2 CPUs, 0 hotplug CPUs
[    0.000000] PM: Registered nosave memory: [mem 0x00000000-0x00000fff]
[    0.000000] PM: Registered nosave memory: [mem 0x0009f000-0x0009ffff]
[    0.000000] PM: Registered nosave memory: [mem 0x000a0000-0x000effff]
[    0.000000] PM: Registered nosave memory: [mem 0x000f0000-0x000fffff]
[    0.000000] e820: [mem 0x40000000-0xfebfffff] available for PCI devices
[    0.000000] Booting paravirtualized kernel on KVM
[    0.000000] clocksource: refined-jiffies: mask: 0xffffffff max_cycles: 0xffffffff, max_idle_ns: 7645519600211568 ns
[    0.000000] setup_percpu: NR_CPUS:512 nr_cpumask_bits:512 nr_cpu_ids:2 nr_node_ids:1
[    0.000000] PERCPU: Embedded 33 pages/cpu @ffff88003fc00000 s95512 r8192 d31464 u1048576
[    0.000000] Built 1 zonelists in Node order, mobility grouping on.  Total pages: 257912
[    0.000000] Policy zone: DMA32
[    0.000000] Kernel command line: BOOT_IMAGE=/boot/vmlinuz-4.4.0-197-generic root=LABEL=cloudimg-rootfs ro console=tty1 console=ttyS0
[    0.000000] PID hash table entries: 4096 (order: 3, 32768 bytes)
[    0.000000] Memory: 997652K/1048120K available (8637K kernel code, 1347K rwdata, 4032K rodata, 1492K init, 1296K bss, 50468K reserved, 0K cma-reserved)
[    0.000000] SLUB: HWalign=64, Order=0-3, MinObjects=0, CPUs=2, Nodes=1
[    0.000000] Kernel/User page tables isolation: enabled
[    0.000000] Hierarchical RCU implementation.
[    0.000000] 	Build-time adjustment of leaf fanout to 64.
[    0.000000] 	RCU restricting CPUs from NR_CPUS=512 to nr_cpu_ids=2.
[    0.000000] RCU: Adjusting geometry for rcu_fanout_leaf=64, nr_cpu_ids=2
[    0.000000] NR_IRQS:33024 nr_irqs:440 16
[    0.000000] Console: colour VGA+ 80x25
[    0.000000] console [tty1] enabled
[    0.000000] console [ttyS0] enabled
[    0.000000] tsc: Detected 2304.000 MHz processor
[    0.154066] Calibrating delay loop (skipped) preset value.. 4608.00 BogoMIPS (lpj=9216000)
[    0.155900] pid_max: default: 32768 minimum: 301
[    0.156905] ACPI: Core revision 20150930
[    0.158561] ACPI: 2 ACPI AML tables successfully acquired and loaded
[    0.159978] Security Framework initialized
[    0.161117] Yama: becoming mindful.
[    0.162326] AppArmor: AppArmor initialized
[    0.163458] Dentry cache hash table entries: 131072 (order: 8, 1048576 bytes)
[    0.166087] Inode-cache hash table entries: 65536 (order: 7, 524288 bytes)
[    0.167812] Mount-cache hash table entries: 2048 (order: 2, 16384 bytes)
[    0.169306] Mountpoint-cache hash table entries: 2048 (order: 2, 16384 bytes)
[    0.170874] Initializing cgroup subsys io
[    0.171886] Initializing cgroup subsys memory
[    0.172849] Initializing cgroup subsys devices
[    0.173852] Initializing cgroup subsys freezer
[    0.174828] Initializing cgroup subsys net_cls
[    0.175800] Initializing cgroup subsys perf_event
[    0.176911] Initializing cgroup subsys net_prio
[    0.177901] Initializing cgroup subsys hugetlb
[    0.178945] Initializing cgroup subsys pids
[    0.193053] mce: CPU supports 0 MCE banks
[    0.194879] Last level iTLB entries: 4KB 64, 2MB 8, 4MB 8
[    0.196497] Last level dTLB entries: 4KB 64, 2MB 0, 4MB 0, 1GB 4
[    0.197850] Spectre V1 : Mitigation: usercopy/swapgs barriers and __user pointer sanitization
[    0.199931] Spectre V2 : Mitigation: Full generic retpoline
[    0.201109] Spectre V2 : Spectre v2 / SpectreRSB mitigation: Filling RSB on context switch
[    0.203131] Speculative Store Bypass: Vulnerable
[    0.204135] SRBDS: Unknown: Dependent on hypervisor status
[    0.205397] MDS: Mitigation: Clear CPU buffers
[    0.208707] Freeing SMP alternatives memory: 36K
[    0.214935] ftrace: allocating 32346 entries in 127 pages
[    0.266648] smpboot: APIC(0) Converting physical 0 to logical package 0
[    0.269116] smpboot: Max logical packages: 1
[    0.270630] x2apic enabled
[    0.271477] Switched APIC routing to physical x2apic.
[    0.273442] ..TIMER: vector=0x30 apic1=0 pin1=2 apic2=-1 pin2=-1
[    0.382857] smpboot: CPU0: Intel(R) Core(TM) i5-8259U CPU @ 2.30GHz (family: 0x6, model: 0x8e, stepping: 0xa)
[    0.385936] Performance Events: unsupported p6 CPU model 142 no PMU driver, software events only.
[    0.396941] KVM setup paravirtual spinlock
[    0.399345] x86: Booting SMP configuration:
[    0.400878] .... node  #0, CPUs:      #1
[    0.401934] kvm-clock: cpu 1, msr 0:3ffe3041, secondary cpu clock
[    0.416894] mce: CPU supports 0 MCE banks
[    0.420584] x86: Booted up 1 node, 2 CPUs
[    0.421660] smpboot: Total of 2 processors activated (9216.00 BogoMIPS)
[    0.423415] devtmpfs: initialized
[    0.425873] evm: security.selinux
[    0.426655] evm: security.SMACK64
[    0.427444] evm: security.SMACK64EXEC
[    0.428293] evm: security.SMACK64TRANSMUTE
[    0.429203] evm: security.SMACK64MMAP
[    0.430085] evm: security.ima
[    0.430829] evm: security.capability
[    0.432330] clocksource: jiffies: mask: 0xffffffff max_cycles: 0xffffffff, max_idle_ns: 7645041785100000 ns
[    0.435088] futex hash table entries: 512 (order: 3, 32768 bytes)
[    0.436605] pinctrl core: initialized pinctrl subsystem
[    0.437885] RTC time: 22:36:55, date: 12/31/20
[    0.439207] NET: Registered protocol family 16
[    0.451066] cpuidle: using governor ladder
[    0.462933] cpuidle: using governor menu
[    0.465867] PCCT header not found.
[    0.468138] ACPI: bus type PCI registered
[    0.469399] acpiphp: ACPI Hot Plug PCI Controller Driver version: 0.5
[    0.471543] PCI: Using configuration type 1 for base access
[    0.488449] ACPI: Added _OSI(Module Device)
[    0.490046] ACPI: Added _OSI(Processor Device)
[    0.491209] ACPI: Added _OSI(3.0 _SCP Extensions)
[    0.492389] ACPI: Added _OSI(Processor Aggregator Device)
[    0.495012] ACPI: Executed 1 blocks of module-level executable AML code
[    0.498294] ACPI: Interpreter enabled
[    0.499130] ACPI: (supports S0 S5)
[    0.499907] ACPI: Using IOAPIC for interrupt routing
[    0.501129] PCI: Using host bridge windows from ACPI; if necessary, use "pci=nocrs" and report a bug
[    0.507463] ACPI: PCI Root Bridge [PCI0] (domain 0000 [bus 00-ff])
[    0.509416] acpi PNP0A03:00: _OSC: OS supports [ASPM ClockPM Segments MSI]
[    0.511083] acpi PNP0A03:00: _OSC: not requesting OS control; OS requires [ExtendedConfig ASPM ClockPM MSI]
[    0.513191] acpi PNP0A03:00: fail to add MMCONFIG information, can't access extended PCI configuration space under this bridge.
[    0.516071] PCI host bridge to bus 0000:00
[    0.517045] pci_bus 0000:00: root bus resource [io  0x0000-0x0cf7 window]
[    0.518580] pci_bus 0000:00: root bus resource [io  0x0d00-0xffff window]
[    0.519971] pci_bus 0000:00: root bus resource [mem 0x000a0000-0x000bffff window]
[    0.521668] pci_bus 0000:00: root bus resource [mem 0x40000000-0xfdffffff window]
[    0.523354] pci_bus 0000:00: root bus resource [bus 00-ff]
[    0.526897] pci 0000:00:01.1: legacy IDE quirk: reg 0x10: [io  0x01f0-0x01f7]
[    0.528519] pci 0000:00:01.1: legacy IDE quirk: reg 0x14: [io  0x03f6]
[    0.529873] pci 0000:00:01.1: legacy IDE quirk: reg 0x18: [io  0x0170-0x0177]
[    0.538748] pci 0000:00:01.1: legacy IDE quirk: reg 0x1c: [io  0x0376]
[    0.553038] pci 0000:00:07.0: quirk: [io  0x4000-0x403f] claimed by PIIX4 ACPI
[    0.554683] pci 0000:00:07.0: quirk: [io  0x4100-0x410f] claimed by PIIX4 SMB
[    0.560606] ACPI: PCI Interrupt Link [LNKA] (IRQs 5 9 10 *11)
[    0.562911] ACPI: PCI Interrupt Link [LNKB] (IRQs 5 9 *10 11)
[    0.564500] ACPI: PCI Interrupt Link [LNKC] (IRQs 5 *9 10 11)
[    0.566271] ACPI: PCI Interrupt Link [LNKD] (IRQs 5 9 10 *11)
[    0.568541] ACPI: Enabled 2 GPEs in block 00 to 07
[    0.570065] vgaarb: setting as boot device: PCI:0000:00:02.0
[    0.571268] vgaarb: device added: PCI:0000:00:02.0,decodes=io+mem,owns=io+mem,locks=none
[    0.573602] vgaarb: loaded
[    0.574641] vgaarb: bridge control possible 0000:00:02.0
[    0.576241] SCSI subsystem initialized
[    0.577609] ACPI: bus type USB registered
[    0.578608] usbcore: registered new interface driver usbfs
[    0.579786] usbcore: registered new interface driver hub
[    0.581151] usbcore: registered new device driver usb
[    0.582495] PCI: Using ACPI for IRQ routing
[    0.585189] NetLabel: Initializing
[    0.586511] NetLabel:  domain hash size = 128
[    0.587554] NetLabel:  protocols = UNLABELED CIPSOv4
[    0.588676] NetLabel:  unlabeled traffic allowed by default
[    0.590113] amd_nb: Cannot enumerate AMD northbridges
[    0.591270] clocksource: Switched to clocksource kvm-clock
[    0.599021] AppArmor: AppArmor Filesystem Enabled
[    0.600620] pnp: PnP ACPI init
[    0.602706] pnp: PnP ACPI: found 3 devices
[    0.611598] clocksource: acpi_pm: mask: 0xffffff max_cycles: 0xffffff, max_idle_ns: 2085701024 ns
[    0.613681] NET: Registered protocol family 2
[    0.614836] TCP established hash table entries: 8192 (order: 4, 65536 bytes)
[    0.617030] TCP bind hash table entries: 8192 (order: 5, 131072 bytes)
[    0.618464] TCP: Hash tables configured (established 8192 bind 8192)
[    0.619848] UDP hash table entries: 512 (order: 2, 16384 bytes)
[    0.621112] UDP-Lite hash table entries: 512 (order: 2, 16384 bytes)
[    0.622446] NET: Registered protocol family 1
[    0.623415] pci 0000:00:00.0: Limiting direct PCI/PCI transfers
[    0.624717] pci 0000:00:01.0: Activating ISA DMA hang workarounds
[    0.626134] Unpacking initramfs...
[    0.821712] Freeing initrd memory: 14884K
[    0.823829] clocksource: tsc: mask: 0xffffffffffffffff max_cycles: 0x2135f7c97c8, max_idle_ns: 440795273205 ns
[    0.826858] platform rtc_cmos: registered platform RTC device (no PNP device found)
[    0.828682] Scanning for low memory corruption every 60 seconds
[    0.830515] audit: initializing netlink subsys (disabled)
[    0.832512] audit: type=2000 audit(1609454220.388:1): initialized
[    0.834359] Initialise system trusted keyring
[    0.836101] HugeTLB registered 2 MB page size, pre-allocated 0 pages
[    0.838452] zbud: loaded
[    0.839435] VFS: Disk quotas dquot_6.6.0
[    0.840458] VFS: Dquot-cache hash table entries: 512 (order 0, 4096 bytes)
[    0.842490] squashfs: version 4.0 (2009/01/31) Phillip Lougher
[    0.844030] fuse init (API version 7.23)
[    0.845062] Key type big_key registered
[    0.845973] Allocating IMA MOK and blacklist keyrings.
[    0.848375] Key type asymmetric registered
[    0.849409] Asymmetric key parser 'x509' registered
[    0.850490] Block layer SCSI generic (bsg) driver version 0.4 loaded (major 249)
[    0.852627] io scheduler noop registered
[    0.853943] io scheduler deadline registered (default)
[    0.855097] io scheduler cfq registered
[    0.856110] pci_hotplug: PCI Hot Plug PCI Core version: 0.5
[    0.857334] pciehp: PCI Express Hot Plug Controller Driver version: 0.4
[    0.859185] ACPI: AC Adapter [AC] (on-line)
[    0.860209] input: Power Button as /devices/LNXSYSTM:00/LNXPWRBN:00/input/input0
[    0.861855] ACPI: Power Button [PWRF]
[    0.862764] input: Sleep Button as /devices/LNXSYSTM:00/LNXSLPBN:00/input/input1
[    0.864828] ACPI: Sleep Button [SLPF]
[    0.865970] GHES: HEST is not enabled!
[    0.867462] ACPI: Battery Slot [BAT0] (battery present)
[    0.869356] Serial: 8250/16550 driver, 32 ports, IRQ sharing enabled
[    0.891657] 00:02: ttyS0 at I/O 0x3f8 (irq = 4, base_baud = 115200) is a 16550A
[    0.898063] Linux agpgart interface v0.103
[    0.901109] loop: module loaded
[    0.902394] scsi host0: ata_piix
[    0.903345] scsi host1: ata_piix
[    0.904168] ata1: PATA max UDMA/33 cmd 0x1f0 ctl 0x3f6 bmdma 0xd000 irq 14
[    0.905626] ata2: PATA max UDMA/33 cmd 0x170 ctl 0x376 bmdma 0xd008 irq 15
[    0.907179] libphy: Fixed MDIO Bus: probed
[    0.908297] tun: Universal TUN/TAP device driver, 1.6
[    0.909418] tun: (C) 1999-2004 Max Krasnyansky <maxk@qualcomm.com>
[    0.910874] PPP generic driver version 2.4.2
[    0.912419] ehci_hcd: USB 2.0 'Enhanced' Host Controller (EHCI) Driver
[    0.913891] ehci-pci: EHCI PCI platform driver
[    0.915057] ehci-platform: EHCI generic platform driver
[    0.916312] ohci_hcd: USB 1.1 'Open' Host Controller (OHCI) Driver
[    0.917882] ohci-pci: OHCI PCI platform driver
[    0.918942] ohci-platform: OHCI generic platform driver
[    0.920173] uhci_hcd: USB Universal Host Controller Interface driver
[    0.921617] i8042: PNP: PS/2 Controller [PNP0303:PS2K,PNP0f03:PS2M] at 0x60,0x64 irq 1,12
[    0.923908] serio: i8042 KBD port at 0x60,0x64 irq 1
[    0.925621] serio: i8042 AUX port at 0x60,0x64 irq 12
[    0.927136] mousedev: PS/2 mouse device common for all mice
[    0.929001] input: AT Translated Set 2 keyboard as /devices/platform/i8042/serio0/input/input2
[    0.931428] rtc_cmos rtc_cmos: rtc core: registered rtc_cmos as rtc0
[    0.933082] rtc_cmos rtc_cmos: alarms up to one day, 114 bytes nvram
[    0.934762] i2c /dev entries driver
[    0.935789] device-mapper: uevent: version 1.0.3
[    0.937387] device-mapper: ioctl: 4.34.0-ioctl (2015-10-28) initialised: dm-devel@redhat.com
[    0.940425] ledtrig-cpu: registered to indicate activity on CPUs
[    0.943122] NET: Registered protocol family 10
[    0.945430] NET: Registered protocol family 17
[    0.946605] Key type dns_resolver registered
[    0.948231] registered taskstats version 1
[    0.949202] Loading compiled-in X.509 certificates
[    0.950927] Loaded X.509 cert 'Build time autogenerated kernel key: 34492021b4051d5295bb5f61ac4b8fe0de34ccb2'
[    0.953388] zswap: loaded using pool lzo/zbud
[    0.956151] Key type trusted registered
[    0.960032] Key type encrypted registered
[    0.961041] AppArmor: AppArmor sha1 policy hashing enabled
[    0.962264] ima: No TPM chip found, activating TPM-bypass!
[    0.963496] ima: Allocated hash algorithm: sha1
[    0.964979] evm: HMAC attrs: 0x1
[    0.966211]   Magic number: 0:285:655
[    0.967180] rtc_cmos rtc_cmos: setting system clock to 2020-12-31 22:36:55 UTC (1609454215)
[    0.969264] BIOS EDD facility v0.16 2004-Jun-25, 0 devices found
[    0.970551] EDD information not available.
[    1.088133] Freeing unused kernel memory: 1492K
[    1.090129] Write protecting the kernel read-only data: 14336k
[    1.091722] Freeing unused kernel memory: 1592K
[    1.092835] Freeing unused kernel memory: 64K
Loading, please wait...
starting version 229
[    1.105824] random: systemd-udevd: uninitialized urandom read (16 bytes read, 3 bits of entropy available)
[    1.106392] random: udevadm: uninitialized urandom read (16 bytes read, 3 bits of entropy available)
[    1.106433] random: udevadm: uninitialized urandom read (16 bytes read, 3 bits of entropy available)
[    1.113070] random: systemd-udevd: uninitialized urandom read (16 bytes read, 3 bits of entropy available)
[    1.113543] random: udevadm: uninitialized urandom read (16 bytes read, 3 bits of entropy available)
[    1.113623] random: udevadm: uninitialized urandom read (16 bytes read, 3 bits of entropy available)
[    1.113814] random: udevadm: uninitialized urandom read (16 bytes read, 3 bits of entropy available)
[    1.113897] random: udevadm: uninitialized urandom read (16 bytes read, 3 bits of entropy available)
[    1.113947] random: udevadm: uninitialized urandom read (16 bytes read, 3 bits of entropy available)
[    1.114031] random: udevadm: uninitialized urandom read (16 bytes read, 3 bits of entropy available)
[    1.165006] e1000: Intel(R) PRO/1000 Network Driver - version 7.3.21-k8-NAPI
[    1.167446] e1000: Copyright (c) 1999-2006 Intel Corporation.
[    1.168928] Fusion MPT base driver 3.04.20
[    1.169931] Copyright (c) 1999-2008 LSI Corporation
[    1.196231] AVX2 version of gcm_enc/dec engaged.
[    1.197875] AES CTR mode by8 optimization enabled
[    1.202968] Fusion MPT SPI Host driver 3.04.20
[    1.396512] input: ImExPS/2 Generic Explorer Mouse as /devices/platform/i8042/serio1/input/input4
[    1.557649] e1000 0000:00:03.0 eth0: (PCI:33MHz:32-bit) 02:8b:9b:7c:43:4a
[    1.559858] e1000 0000:00:03.0 eth0: Intel(R) PRO/1000 Network Connection
[    1.561921] mptbase: ioc0: Initiating bringup
[    1.563707] e1000 0000:00:03.0 enp0s3: renamed from eth0
[    1.928430] ioc0: LSI53C1030 A0: Capabilities={Initiator}
[    4.430065] scsi host2: ioc0: LSI53C1030 A0, FwRev=00000000h, Ports=1, MaxQ=256, IRQ=20
[    6.342856] scsi 2:0:0:0: Direct-Access     VBOX     HARDDISK         1.0  PQ: 0 ANSI: 5
[    6.346233] scsi target2:0:0: Beginning Domain Validation
[    6.349542] scsi target2:0:0: Domain Validation skipping write tests
[    6.351398] scsi target2:0:0: Ending Domain Validation
[    6.352898] scsi target2:0:0: asynchronous
[    6.354791] scsi 2:0:1:0: Direct-Access     VBOX     HARDDISK         1.0  PQ: 0 ANSI: 5
[    6.357176] scsi target2:0:1: Beginning Domain Validation
[    6.359375] scsi target2:0:1: Domain Validation skipping write tests
[    6.360984] scsi target2:0:1: Ending Domain Validation
[    6.370528] scsi target2:0:1: asynchronous
[    6.377244] sd 2:0:0:0: Attached scsi generic sg0 type 0
[    6.378566] sd 2:0:0:0: [sda] 20971520 512-byte logical blocks: (10.7 GB/10.0 GiB)
[    6.381030] sd 2:0:1:0: [sdb] 20480 512-byte logical blocks: (10.5 MB/10.0 MiB)
[    6.383140] sd 2:0:1:0: Attached scsi generic sg1 type 0
[    6.384447] sd 2:0:0:0: [sda] Write Protect is off
[    6.384538] sd 2:0:1:0: [sdb] Write Protect is off
[    6.384614] sd 2:0:1:0: [sdb] Incomplete mode parameter data
[    6.384615] sd 2:0:1:0: [sdb] Assuming drive cache: write through
[    6.388679] sd 2:0:1:0: [sdb] Attached SCSI disk
[    6.390962] sd 2:0:0:0: [sda] Incomplete mode parameter data
[    6.392266] sd 2:0:0:0: [sda] Assuming drive cache: write through
[    6.395404]  sda: sda1
[    6.396828] sd 2:0:0:0: [sda] Attached SCSI disk
Begin: Loading essential drivers ... [    7.678750] md: linear personality registered for level -1
[    7.682827] md: multipath personality registered for level -4
[    7.686470] md: raid0 personality registered for level 0
[    7.690827] md: raid1 personality registered for level 1
[    7.763521] raid6: sse2x1   gen() 12719 MB/s
[    7.831486] raid6: sse2x1   xor()  9725 MB/s
[    7.899499] raid6: sse2x2   gen() 16000 MB/s
[    7.967738] raid6: sse2x2   xor() 10168 MB/s
[    8.035291] raid6: sse2x4   gen() 17775 MB/s
[    8.103837] raid6: sse2x4   xor() 11357 MB/s
[    8.171497] raid6: avx2x1   gen() 22963 MB/s
[    8.239795] raid6: avx2x2   gen() 29624 MB/s
[    8.307546] raid6: avx2x4   gen() 32614 MB/s
[    8.308875] raid6: using algorithm avx2x4 gen() 32614 MB/s
[    8.310007] raid6: using avx2x2 recovery algorithm
[    8.313108] xor: automatically using best checksumming function:
[    8.356250]    avx       : 38275.000 MB/sec
[    8.358979] async_tx: api initialized (async)
[    8.368887] md: raid6 personality registered for level 6
[    8.370212] md: raid5 personality registered for level 5
[    8.371347] md: raid4 personality registered for level 4
[    8.377939] md: raid10 personality registered for level 10
done.
Begin: Running /scripts/init-premount ... done.
Begin: Mounting root file system ... Begin: Running /scripts/local-top ... done.
Begin: Running /scripts/local-premount ... [    8.404545] Btrfs loaded
Scanning for Btrfs filesystems
done.
Warning: fsck not present, so skipping root file system
[    8.430146] EXT4-fs (sda1): mounted filesystem with ordered data mode. Opts: (null)
done.
Begin: Running /scripts/local-bottom ... done.
Begin: Running /scripts/init-bottom ... done.
[    8.522757] systemd[1]: systemd 229 running in system mode. (+PAM +AUDIT +SELINUX +IMA +APPARMOR +SMACK +SYSVINIT +UTMP +LIBCRYPTSETUP +GCRYPT +GNUTLS +ACL +XZ -LZ4 +SECCOMP +BLKID +ELFUTILS +KMOD -IDN)
[    8.526661] systemd[1]: Detected virtualization oracle.
[    8.527857] systemd[1]: Detected architecture x86-64.

Welcome to [1mUbuntu 16.04.7 LTS[0m!

[    8.532448] systemd[1]: Set hostname to <ubuntu>.
[    8.535782] systemd[1]: Initializing machine ID from random generator.
[    8.537219] systemd[1]: Installed transient /etc/machine-id file.
[    8.668255] systemd[1]: Started Forward Password Requests to Wall Directory Watch.
[[0;32m  OK  [0m] Started Forward Password Requests to Wall Directory Watch.
[    8.671704] systemd[1]: Reached target System Time Synchronized.
[[0;32m  OK  [0m] Reached target System Time Synchronized.
[    8.674608] systemd[1]: Listening on udev Kernel Socket.
[[0;32m  OK  [0m] Listening on udev Kernel Socket.
[    8.677382] systemd[1]: Listening on Journal Socket (/dev/log).
[[0;32m  OK  [0m] Listening on Journal Socket (/dev/log).
[    8.680565] systemd[1]: Listening on /dev/initctl Compatibility Named Pipe.
[[0;32m  OK  [0m] Listening on /dev/initctl Compatibility Named Pipe.
[    8.683701] systemd[1]: Listening on LVM2 metadata daemon socket.
[[0;32m  OK  [0m] Listening on LVM2 metadata daemon socket.
[    8.686893] systemd[1]: Listening on Journal Audit Socket.
[[0;32m  OK  [0m] Listening on Journal Audit Socket.
[    8.689374] systemd[1]: Reached target Encrypted Volumes.
[[0;32m  OK  [0m] Reached target Encrypted Volumes.
[    8.692147] systemd[1]: Created slice System Slice.
[[0;32m  OK  [0m] Created slice System Slice.
[    8.694455] systemd[1]: Set up automount Arbitrary Executable File Formats File System Automount Point.
[[0;32m  OK  [0m] Set up automount Arbitrary Executab...ats File System Automount Point.
[    8.698408] systemd[1]: Created slice User and Session Slice.
[[0;32m  OK  [0m] Created slice User and Session Slice.
[    8.701686] systemd[1]: Created slice system-serial\x2dgetty.slice.
[[0;32m  OK  [0m] Created slice system-serial\x2dgetty.slice.
[    8.704542] systemd[1]: Listening on Device-mapper event daemon FIFOs.
[[0;32m  OK  [0m] Listening on Device-mapper event daemon FIFOs.
[    8.707375] systemd[1]: Started Trigger resolvconf update for networkd DNS.
[[0;32m  OK  [0m] Started Trigger resolvconf update for networkd DNS.
[    8.710338] systemd[1]: Listening on Syslog Socket.
[[0;32m  OK  [0m] Listening on Syslog Socket.
[    8.712553] systemd[1]: Reached target Slices.
[[0;32m  OK  [0m] Reached target Slices.
[    8.714592] systemd[1]: Reached target Swap.
[[0;32m  OK  [0m] Reached target Swap.
[    8.716629] systemd[1]: Listening on udev Control Socket.
[[0;32m  OK  [0m] Listening on udev Control Socket.
[    8.719760] systemd[1]: Listening on Journal Socket.
[[0;32m  OK  [0m] Listening on Journal Socket.
[    8.739493] systemd[1]: Starting Create list of required static device nodes for the current kernel...
         Starting Create list of required st... nodes for the current kernel...
[    8.744462] systemd[1]: Mounting Huge Pages File System...
         Mounting Huge Pages File System...
[    8.747608] systemd[1]: Mounting Debug File System...
         Mounting Debug File System...
[    8.751462] systemd[1]: Starting Load Kernel Modules...
         Starting Load Kernel Modules...
[    8.754446] systemd[1]: Starting Set console keymap...
         Starting Set console keymap...
[    8.758463] systemd[1]: Starting Journal Service...
         Starting Journal Service...
[    8.762202] systemd[1]: Mounting POSIX Message Queue File System...
         Mounting POSIX Message Queue File System...
[    8.765694] systemd[1]: Starting Remount Root and Kernel File Systems...
         Starting Remount Root and Kernel File Systems...
[    8.769305] Loading iSCSI transport class v2.0-870.
[    8.776958] systemd[1]: Starting Uncomplicated firewall...
         Starting Uncomplicated firewall...
[    8.780058] systemd[1]: Starting Nameserver information manager...
[    8.781629] EXT4-fs (sda1): re-mounted. Opts: (null)
         Starting Nameserver information manager...
[    8.784968] systemd[1]: Starting Monitoring of LVM2 mirrors, snapshots etc. using dmeventd or progress polling...
         Starting Monitoring of LVM2 mirrors... dmeventd or progress polling...
[    8.789798] systemd[1]: Listening on LVM2 poll daemon socket.
[[0;32m  OK  [0m] Listening on LVM2 poll daemon socket.
[    8.792863] systemd[1]: Reached target User and Group Name Lookups.
[    8.795853] iscsi: registered transport (tcp)
[[0;32m  OK  [0m] Reached target User and Group Name Lookups.
[    8.805209] systemd[1]: Mounted POSIX Message Queue File System.
[[0;32m  OK  [0m] Mounted POSIX Message Queue File System.
[    8.807977] systemd[1]: Mounted Debug File System.
[[0;32m  OK  [0m] Mounted Debug File System.
[    8.810272] systemd[1]: Mounted Huge Pages File System.
[[0;32m  OK  [0m] Mounted Huge Pages File System.
[    8.815017] systemd[1]: Started Journal Service.
[[0;32m  OK  [0m] Started Journal Service.
[[0;32m  OK  [0m] Started Create list of required sta...ce nodes for the current kernel.
[[0;32m  OK  [0m] Started Set console keymap.
[[0;32m  OK  [0m] Started Remount Root and Kernel File Systems.
[[0;32m  OK  [0m] Started Uncomplicated firewall.
[    8.834071] iscsi: registered transport (iser)
[[0;32m  OK  [0m] Started Load Kernel Modules.
[[0;32m  OK  [0m] Started LVM2 metadata daemon.
         Mounting FUSE Control File System...
         Starting Apply Kernel Variables...
         Starting udev Coldplug all Devices...
         Starting Load/Save Random Seed...
         Starting Create Static Device Nodes in /dev...
         Starting Flush Journal to Persistent Storage...
[[0;32m  OK  [0m] Mounted FUSE Control File System.
[[0;32m  OK  [0m] Started Nameserver information manager.
[[0;32m  OK  [0m] Started Load/Save Random Seed.
[    8.886869] systemd-journald[375]: Received request to flush runtime journal from PID 1
[[0;32m  OK  [0m] Started Flush Journal to Persistent Storage.
[[0;32m  OK  [0m] Started Apply Kernel Variables.
[[0;32m  OK  [0m] Started Create Static Device Nodes in /dev.
         Starting udev Kernel Device Manager...
[[0;32m  OK  [0m] Started udev Coldplug all Devices.
[[0;32m  OK  [0m] Started udev Kernel Device Manager.
[[0;32m  OK  [0m] Started Dispatch Password Requests to Console Directory Watch.
[[0;32m  OK  [0m] Started Monitoring of LVM2 mirrors,...ng dmeventd or progress polling.
[[0;32m  OK  [0m] Reached target Local File Systems (Pre).
[[0;32m  OK  [0m] Reached target Local File Systems.
         Starting Tell Plymouth To Write Out Runtime Data...
         Starting Initial cloud-init job (pre-networking)...
         Starting Commit a transient machine-id on disk...
         Starting Create Volatile Files and Directories...
         Starting Set console font and keymap...
         Starting LSB: AppArmor initialization...
[[0;32m  OK  [0m] Started Tell Plymouth To Write Out Runtime Data.
[[0;32m  OK  [0m] Started Commit a transient machine-id on disk.
[[0;32m  OK  [0m] Started Create Volatile Files and Directories.
         Starting Update UTMP about System Boot/Shutdown...
[[0;32m  OK  [0m] Started Update UTMP about System Boot/Shutdown.
[[0;32m  OK  [0m] Found device /dev/ttyS0.
[[0;32m  OK  [0m] Listening on Load/Save RF Kill Switch Status /dev/rfkill Watch.
[[0;32m  OK  [0m] Started LSB: AppArmor initialization.
[[0;32m  OK  [0m] Started Set console font and keymap.
[    9.929143] cloud-init[478]: Cloud-init v. 20.3-2-g371b392c-0ubuntu1~16.04.1 running 'init-local' at Thu, 31 Dec 2020 22:37:04 +0000. Up 9.56 seconds.
[[0;32m  OK  [0m] Created slice system-getty.slice.
         Starting Load AppArmor profiles managed internally by snapd...
[[0;32m  OK  [0m] Started Initial cloud-init job (pre-networking).
[[0;32m  OK  [0m] Reached target Network (Pre).
         Starting Raise network interfaces...
[[0;32m  OK  [0m] Started Load AppArmor profiles managed internally by snapd.
[[0;32m  OK  [0m] Started Raise network interfaces.
[[0;32m  OK  [0m] Reached target Network.
         Starting Initial cloud-init job (metadata service crawler)...
[   10.945363] cloud-init[942]: Cloud-init v. 20.3-2-g371b392c-0ubuntu1~16.04.1 running 'init' at Thu, 31 Dec 2020 22:37:05 +0000. Up 10.45 seconds.
[   10.952955] cloud-init[942]: ci-info: ++++++++++++++++++++++++++++++++++++++Net device info++++++++++++++++++++++++++++++++++++++
[   10.960961] cloud-init[942]: ci-info: +--------+------+----------------------------+---------------+--------+-------------------+
[   10.968642] cloud-init[942]: ci-info: | Device |  Up  |          Address           |      Mask     | Scope  |     Hw-Address    |
[   10.976584] cloud-init[942]: ci-info: +--------+------+----------------------------+---------------+--------+-------------------+
[   10.987202] cloud-init[942]: ci-info: | enp0s3 | True |         10.0.2.15          | 255.255.255.0 | global | 02:8b:9b:7c:43:4a |
[   10.996757] [cloud-init[0;32m  OK  [0m[942]: ] ci-info: | enp0s3 | True | fe80::8b:9bff:fe7c:434a/64 |       .       |  link  | 02:8b:9b:7c:43:4a |Started Initial cloud-init job (metadata service crawler).

[   10.999303] [[0;32m  OK  [0m] Reached target System Initialization.
cloud-init[942]: ci-info: |   lo   | True |         127.0.0.1          |   255.0.0.0   |  host  |         .         |
[   11.002629] [[0;32m  OK  [0m] Listening on D-Bus System Message Bus Socket.
[[0;32m  OK  [0m] Started Daily Cleanup of Temporary Directories.
[[0;32m  OK  [0m] Started Daily apt download activities.
[[0;32m  OK  [0m] Started Daily apt upgrade and clean activities.
[[0;32m  OK  [0m] Started Message of the Day.
         Starting Socket activation for snappy daemon.
[[0;32m  OK  [0m] Listening on UUID daemon activation socket.
cloud-init[942]: ci-info: |   lo   | True |          ::1/128           |       .       |  host  |         .         |
[   11.010427] cloud-init[942]: ci-info: +--------+------+----------------------------+---------------+--------+-------------------+
[   11.012406] cloud-init[942]: ci-info: +++++++++++++++++++++++++++Route IPv4 info++++++++++++++++++++++++++++
[   11.024968] cloud-init[942]: ci-info: +-------+-------------+----------+---------------+-----------+-------+
[   11.032962] cloud-init[942]: ci-info: | Route | Destination | Gateway  |    Genmask    | Interface | Flags |
[[0;32m  OK  [0m] Started ACPI Events Check.
[[0;32m  OK  [0m] Reached target Paths.
[[0;32m  OK  [0m] Reached target Timers.
[   11.043463] cloud-init[942]: ci-info: +-------+-------------+----------+---------------+-----------+-------+
[   11.052922]          cloud-initStarting LXD - unix socket.[942]: 
ci-info: |   0   |   0.0.0.0   | 10.0.2.2 |    0.0.0.0    |   enp0s3  |   UG  |
[   11.055289] [[0;32m  OK  [0m] Listening on ACPID Listen Socket.
[[0;32m  OK  [0m] Reached target Cloud-config availability.
[[0;32m  OK  [0m] Reached target Network is Online.
cloud-init[942]: ci-info: |   1   |   10.0.2.0  | 0.0.0.0  | 255.255.255.0 |   enp0s3  |   U   |
[   11.060500] cloud-init[942]: ci-info: +-------+-------------+----------+---------------+-----------+-------+
[   11.062992] cloud-init[942]: ci-info: +++++++++++++++++++Route IPv6 info+++++++++++++++++++
[   11.071342] cloud-init[942]:          Starting iSCSI initiator daemon (iscsid)...
[[0;32m  OK  [0m] Listening on Socket activation for snappy daemon.
[[0;32m  OK  [0m] Listening on LXD - unix socket.
[[0;32m  OK  [0m] Reached target Sockets.
[[0;32m  OK  [0m] Reached target Basic System.
         Starting LSB: Record successful boot for GRUB...
ci-info: +-------+-------------+---------+-----------+-------+
         Starting Pollinate to seed the pseudo random number generator...
[[0;32m  OK  [0m] Started FUSE filesystem for LXC.
[   11.077880] cloud-init[[0;32m  OK  [0m] Started Deferred execution scheduler.
[942]:          Starting System Logging Service...
ci-info: | Route | Destination | Gateway | Interface | Flags |
         Starting Login Service...
[[0;32m  OK  [0m] Started Regular background program processing daemon.
         Starting /etc/rc.local Compatibility...
         Starting LSB: MD monitoring daemon...
         Starting LXD - container startup/shutdown...
         Starting Virtualbox guest utils...
[[0;32m  OK  [0m] Started D-Bus System Message Bus.
[   11.090924] cloud-init[942]: ci-info: +-------+-------------+---------+-----------+-------+
[   11.116946] cloud-init[942]: ci-info: |   0   |  fe80::/64  |    ::   |   enp0s3  |   U   |
[   11.118805] cloud-init[942]: ci-info: |   3   |   ff00::/8  |    ::   |   enp0s3  |   U   |
[   11.121796] cloud-init[942]: ci-info: +-------+-------------+---------+-----------+-------+
[   11.125501] cloud-init[942]: Generating public/private rsa key pair.
[   11.127800] cloud-init[942]: Your identification has been saved in /etc/ssh/ssh_host_rsa_key.
[   11.131504] cloud-init[942]: Your public key has been saved in /etc/ssh/ssh_host_rsa_key.pub.
[   11.136494] cloud-init[942]: The key fingerprint is:
[   11.138315] cloud-init[942]: SHA256:vfbJz3pSVjC+zAmnax7N8i+ErhuFZS8HS8hPne3+MEA root@ubuntu-xenial
[   11.140863] cloud-init[942]: The key's randomart image is:
[   11.143215] cloud-init[942]: +---[RSA 2048]----+
[   11.145492] cloud-init[942]: |                 |
[   11.147085] cloud-init[942]: |         . . .oo |
[   11.148533] cloud-init[942]: |          o E.oo.|
[   11.149768] cloud-init[942]: |         . O.+o..|
[   11.151001] cloud-init[942]: |        S o *Bo+.|
[   11.152607] [cloud-init[0;32m  OK  [0m[942]: ] |           oo*O. |Started ACPI event daemon.

[   11.154978]          Starting Snap Daemon...
         Starting Accounts Service...
[[0;32m  OK  [0m] Started System Logging Service.
[[0;32m  OK  [0m] Started /etc/rc.local Compatibility.
cloud-init[942]: |          +.o== .|
[   11.160553] cloud-init[942]: |         . +=*oo.|
[   11.169421] cloud-init[942]: |          o=*=+oo|
[[0;32m  OK  [0m] Started Login Service.
[   11.171682] cloud-init[942]: +----[SHA256]-----+
[[0;32m  OK  [0m] Started Unattended Upgrades Shutdown.
[   11.178825] cloud-init[[0;32m  OK  [0m] Started iSCSI initiator daemon (iscsid).
         Starting Login to default iSCSI targets...
[942]: Generating public/private dsa key pair.
[   11.187411] cloud-init[942]: Your identification has been saved in /etc/ssh/ssh_host_dsa_key.[[0;32m  OK  [0m] Started LSB: Record successful boot for GRUB.

[[0;32m  OK  [0m] Started LSB: MD monitoring daemon.
[   11.227527] cloud-init[942]: Your public key has been saved in /etc/ssh/ssh_host_dsa_key.pub.
[   11.244929] cloud-init[942]: The key fingerprint is:
[   11.247748] cloud-init[942]: SHA256:OnXE+2XBrkLr0Gcccdp0RiDhw0SLhdxhwRZrKq3qto4 root@ubuntu-xenial
[   11.252502] cloud-init[942]: The key's randomart image is:         Starting Authenticate and Authorize Users to Run Privileged Tasks...
[[0;32m  OK  [0m] Started Login to default iSCSI targets.
[[0;32m  OK  [0m] Reached target Remote File Systems (Pre).
[[0;32m  OK  [0m] Reached target Remote File Systems.
         Starting LSB: Set the CPU Frequency Scaling governor to "ondemand"...
         Starting LSB: automatic crash report generation...
         Starting Permit User Sessions...
         Starting LSB: daemon to balance interrupts for SMP systems...

[   11.272378] [[0;32m  OK  [0m] Started Permit User Sessions.
cloud-init[942]: +---[DSA 1024]----+
         Starting Hold until boot process finishes up...
         Starting Terminate Plymouth Boot Screen...
[   11.297161] [[0;32m  OK  [0m] Started LXD - container startup/shutdown.
[[0;32m  OK  [0m] Started Hold until boot process finishes up.
cloud-init[942]: |         . =@=...|
[[0;32m  OK  [0m] Started Authenticate and Authorize Users to Run Privileged Tasks.
[   11.305252] cloud-init[942]: |         .oB+= . |
         Starting Set console scheme...
[[0;32m  OK  [0m] Started Getty on tty1.
[[0;32m  OK  [0m] Started Serial Getty on ttyS0.
[[0;32m  OK  [0m] Reached target Login Prompts.
[[0;32m  OK  [0m] Started Terminate Plymouth Boot Screen.
[[0;32m  OK  [0m] Started Set console scheme.
[   11.314820] cloud-init[[0;32m  OK  [0m] Started Accounts Service.
[942]: |          +.O = o|
[   11.321308] cloud-init[942]: |         o + O + |
[   11.325597] cloud-init[942]: |        S * o =  |
[   11.329112] cloud-init[942]: |       o * + =   |
[   11.334425] cloud-init[[0;32m  OK  [0m] Started LSB: Set the CPU Frequency Scaling governor to "ondemand".
[942]: |      o o + *    |[[0;32m  OK  [0m] Started LSB: automatic crash report generation.

[   11.344457] cloud-init[942]: [[0;32m  OK  [0m] Started LSB: daemon to balance interrupts for SMP systems.
|     ..o o +     |
[   11.347970] cloud-init[942]: |    E+=.  .      |
[   11.354349] cloud-init[942]: +----[SHA256]-----+
[   11.356658] cloud-init[942]: Generating public/private ecdsa key pair.
[   11.364765] cloud-init[942]: Your identification has been saved in /etc/ssh/ssh_host_ecdsa_key.
[   11.366688] cloud-init[942]: Your public key has been saved in /etc/ssh/ssh_host_ecdsa_key.pub.
[   11.373162] cloud-init[942]: The key fingerprint is:
[   11.374410] cloud-init[942]: SHA256:HxNO0f4vOjIt8vLofJxvbdYU5pBwPjEO3V05ivlEiCQ root@ubuntu-xenial
[[0;32m  OK  [0m] Started Virtualbox guest utils.
[   11.383407] cloud-init[942]: The key's randomart image is:
[   11.389976] cloud-init[942]: +---[ECDSA 256]---+
[   11.391807] cloud-init[942]: |       E..o.o . =|
[   11.393493] cloud-init[942]: |        .. =.* +.|
[   11.394993] cloud-init[942]: |          o.X = .|
[   11.396328] cloud-init[942]: |         o +.O o |
[   11.397594] cloud-init[942]: |        S + o.= .|
[   11.405046] cloud-init[942]: |         . o ....|
[   11.406788] cloud-init[942]: |         ..o . + |
[   11.408256] cloud-init[942]: |       .o.B + = o|
[   11.411445] cloud-init[942]: |       .+*o*o= . |
[   11.412685] cloud-init[942]: +----[SHA256]-----+
[   11.414757] cloud-init[942]: Generating public/private ed25519 key pair.
[   11.416346] cloud-init[942]: Your identification has been saved in /etc/ssh/ssh_host_ed25519_key.
[   11.418288] cloud-init[942]: Your public key has been saved in /etc/ssh/ssh_host_ed25519_key.pub.
[   11.420163] cloud-init[942]: The key fingerprint is:
[   11.421387] cloud-init[942]: SHA256:NtWXT3IuntZ7X3K1Rcb4+TR8Jhc+wqZXHMETNA15wWk root@ubuntu-xenial
[   11.423153] cloud-init[942]: The key's randomart image is:
[   11.424385] cloud-init[942]: +--[ED25519 256]--+
[   11.425641] cloud-init[942]: |              =O=|
[   11.426939] cloud-init[942]: |           .  .E=|
[   11.432392] cloud-init[942]: |          . . *+B|
[   11.433670] cloud-init[942]: |         .  ..+X+|
[   11.434769] cloud-init[942]: |        S    +oO@|
[   11.435858] cloud-init[942]: |       . .  o.oOO|
[   11.437114] cloud-init[942]: |           . .=.=|
[   11.438310] cloud-init[942]: |            .. o+|
[   11.441643] cloud-init[942]: |               .+|
[   11.442824] cloud-init[942]: +----[SHA256]-----+
[[0;32m  OK  [0m] Started Snap Daemon.
         Starting Wait until snapd is fully seeded...
[[0;32m  OK  [0m] Started Pollinate to seed the pseudo random number generator.
         Starting OpenBSD Secure Shell server...
[[0;32m  OK  [0m] Started OpenBSD Secure Shell server.
[[0;32m  OK  [0m] Created slice User Slice of vagrant.
         Starting User Manager for UID 1000...
[[0;32m  OK  [0m] Started Session 1 of user vagrant.
[[0;32m  OK  [0m] Started User Manager for UID 1000.
[[0;32m  OK  [0m] Started Session 2 of user vagrant.
[[0;32m  OK  [0m] Started Wait until snapd is fully seeded.
         Starting Apply the settings specified in cloud-config...
[[0;32m  OK  [0m] Reached target Multi-User System.
[[0;32m  OK  [0m] Reached target Graphical Interface.
         Starting Update UTMP about System Runlevel Changes...
[[0;32m  OK  [0m] Started Update UTMP about System Runlevel Changes.
[   16.472798] cloud-init[1624]: Generating locales (this might take a while)...
[   17.100816] cloud-init[1624]:   en_US.UTF-8... done
[   17.101432] cloud-init[1624]: Generation complete.

Ubuntu 16.04.7 LTS ubuntu-xenial ttyS0

ubuntu-xenial login: [   17.390144] cloud-init[1624]: Cloud-init v. 20.3-2-g371b392c-0ubuntu1~16.04.1 running 'modules:config' at Thu, 31 Dec 2020 22:37:11 +0000. Up 16.38 seconds.
ci-info: no authorized SSH keys fingerprints found for user ubuntu.
<14>Dec 31 22:37:12 ec2: 
<14>Dec 31 22:37:12 ec2: #############################################################
<14>Dec 31 22:37:12 ec2: -----BEGIN SSH HOST KEY FINGERPRINTS-----
<14>Dec 31 22:37:12 ec2: 1024 SHA256:OnXE+2XBrkLr0Gcccdp0RiDhw0SLhdxhwRZrKq3qto4 root@ubuntu-xenial (DSA)
<14>Dec 31 22:37:12 ec2: 256 SHA256:HxNO0f4vOjIt8vLofJxvbdYU5pBwPjEO3V05ivlEiCQ root@ubuntu-xenial (ECDSA)
<14>Dec 31 22:37:12 ec2: 256 SHA256:NtWXT3IuntZ7X3K1Rcb4+TR8Jhc+wqZXHMETNA15wWk root@ubuntu-xenial (ED25519)
<14>Dec 31 22:37:12 ec2: 2048 SHA256:vfbJz3pSVjC+zAmnax7N8i+ErhuFZS8HS8hPne3+MEA root@ubuntu-xenial (RSA)
<14>Dec 31 22:37:12 ec2: -----END SSH HOST KEY FINGERPRINTS-----
<14>Dec 31 22:37:12 ec2: #############################################################
-----BEGIN SSH HOST KEY KEYS-----
ecdsa-sha2-nistp256 AAAAE2VjZHNhLXNoYTItbmlzdHAyNTYAAAAIbmlzdHAyNTYAAABBBM8xXM2cbXOeM49ZTGVJqKH0vmLwMi3+H9vNipwgS/DS1ICEeBBLFyv8DLbfe7PjHI7PLRe3Ofl/60sZeRn8bmk= root@ubuntu-xenial
ssh-ed25519 AAAAC3NzaC1lZDI1NTE5AAAAIJglodjJGAH2dU/HzhomL9rHorx7k4oXZ265KBHYhL3f root@ubuntu-xenial
ssh-rsa AAAAB3NzaC1yc2EAAAADAQABAAABAQDKLwSlFBonXHHaWnZzRflT0JK+euzci7Y3YlRltoH5NTyBxcBlegEcs4UXBoFp/4WGcoFqqcfhoN1XcryuGLQsd2U+Sq+w/SOymGzNWYdM701penSghtda3jEriFuVTTuZzAvsBYb4qrrD97zlGwd0s++aJ64W6btUulYZEABgNH99S9ImfjV3o8V65unlIsViJxO16CbYIcxtfsRndXGVCIrfHqFI3xnhL0TWMBK9XXmBFh9FDHsXUQ+uyvA4OiCirPjdyYYBHcR5EktS9y0N5hOHf8FuW7gXSr78xG1aOptytrB6WrJbAkkpCkdRsVV47sn5dXuhAxzH4eFqE3w1 root@ubuntu-xenial
-----END SSH HOST KEY KEYS-----
[   17.800588] cloud-init[1761]: Cloud-init v. 20.3-2-g371b392c-0ubuntu1~16.04.1 running 'modules:final' at Thu, 31 Dec 2020 22:37:12 +0000. Up 17.66 seconds.
[   17.800799] cloud-init[1761]: ci-info: no authorized SSH keys fingerprints found for user ubuntu.
[   17.801040] cloud-init[1761]: Cloud-init v. 20.3-2-g371b392c-0ubuntu1~16.04.1 finished at Thu, 31 Dec 2020 22:37:12 +0000. Datasource DataSourceNoCloud [seed=/dev/sdb][dsmode=net].  Up 17.79 seconds
